#
# A fatal error has been detected by the Java Runtime Environment:
#
#  SIGBUS (0x7) at pc=0x00603a1b, pid=6313, tid=2317519728
#
# JRE version: Java(TM) SE Runtime Environment (7.0_51-b13) (build 1.7.0_51-b13)
# Java VM: Java HotSpot(TM) Server VM (24.51-b03 mixed mode linux-x86 )
# Problematic frame:
# 
[error occurred during error reporting (printing problematic frame), id 0x7]

# Failed to write core dump. Core dumps have been disabled. To enable core dumping, try "ulimit -c unlimited" before starting Java again
#
# If you would like to submit a bug report, please visit:
#   http://bugreport.sun.com/bugreport/crash.jsp
# The crash happened outside the Java Virtual Machine in native code.
# See problematic frame for where to report the bug.
#

---------------  T H R E A D  ---------------

Current thread (0x8ecf0000):  JavaThread "LWJGL Application" [_thread_in_native, id=6331, stack(0x8a1d8000,0x8a229000)]

siginfo:si_signo=SIGBUS: si_errno=0, si_code=2 (BUS_ADRERR), si_addr=0x00603a1b

Registers:
EAX=0x00000000, EBX=0x0060cff4, ECX=0x8a1a400c, EDX=0x89f00018
ESP=0x8a227c50, EBP=0x8a227c68, ESI=0x9120aa5c, EDI=0x8ecf0000
EIP=0x00603a1b, EFLAGS=0x00010282, CR2=0x00603a1b

Top of Stack: (sp=0x8a227c50)
0x8a227c50:   8ecf5648 04000003 911e74a8 91399c30
0x8a227c60:   911baa98 9120aa60 8a227ca4 b4705230
0x8a227c70:   8ecf0130 8a227cac 8a227cb4 00000031
0x8a227c80:   00000000 8a227c84 00000000 8a227cb4
0x8a227c90:   9120b5c0 00000000 9120aa60 00000000
0x8a227ca0:   8a227cb4 8a227ce0 b46fd387 94eb07e0
0x8a227cb0:   b4702b59 aa9b4750 e8dda6b1 aa9b46e0
0x8a227cc0:   8a227cb8 9120a92a 8a227d04 9120b5c0 

Instructions: (pc=0x00603a1b)
0x006039fb:   
[error occurred during error reporting (printing registers, top of stack, instructions near pc), id 0x7]

Register to memory mapping:

EAX=0x00000000 is an unknown value
EBX=
[error occurred during error reporting (printing register info), id 0x7]

Stack: [0x8a1d8000,0x8a229000],  sp=0x8a227c50,  free space=319k
Native frames: (J=compiled Java code, j=interpreted, Vv=VM code, C=native code)

[error occurred during error reporting (printing native stack), id 0x7]

Java frames: (J=compiled Java code, j=interpreted, Vv=VM code)
j  org.lwjgl.opengl.LinuxContextImplementation.nSwapBuffers(Ljava/nio/ByteBuffer;)V+0
j  org.lwjgl.opengl.LinuxContextImplementation.swapBuffers()V+38
j  org.lwjgl.opengl.ContextGL.swapBuffers()V+3
j  org.lwjgl.opengl.DrawableGL.swapBuffers()V+0
j  org.lwjgl.opengl.Display.swapBuffers()V+39
j  org.lwjgl.opengl.Display.update(Z)V+44
j  com.badlogic.gdx.backends.lwjgl.LwjglApplication.mainLoop()V+648
j  com.badlogic.gdx.backends.lwjgl.LwjglApplication$1.run()V+27
v  ~StubRoutines::call_stub

---------------  P R O C E S S  ---------------

Java Threads: ( => current thread )
  0x889a4000 JavaThread "AsynchExecutor-Thread" daemon [_thread_blocked, id=6336, stack(0x894de000,0x8952f000)]
  0x8ecf0c00 JavaThread "DestroyJavaVM" [_thread_blocked, id=6314, stack(0xb7702000,0xb7753000)]
=>0x8ecf0000 JavaThread "LWJGL Application" [_thread_in_native, id=6331, stack(0x8a1d8000,0x8a229000)]
  0x8ec5ac00 JavaThread "AWT-XAWT" daemon [_thread_blocked, id=6327, stack(0x8eb2c000,0x8eb7d000)]
  0x8ec49c00 JavaThread "Java2D Disposer" daemon [_thread_blocked, id=6326, stack(0x8eb7d000,0x8ebce000)]
  0x0a1acc00 JavaThread "Monitor Ctrl-Break" daemon [_thread_in_native, id=6325, stack(0x8ed1c000,0x8ed6d000)]
  0x0a0e5400 JavaThread "Service Thread" daemon [_thread_blocked, id=6323, stack(0x8eee5000,0x8ef36000)]
  0x0a0db000 JavaThread "C2 CompilerThread1" daemon [_thread_blocked, id=6322, stack(0x8ef36000,0x8efb7000)]
  0x0a0d8c00 JavaThread "C2 CompilerThread0" daemon [_thread_blocked, id=6321, stack(0x8efb7000,0x8f038000)]
  0x0a0d7400 JavaThread "Signal Dispatcher" daemon [_thread_blocked, id=6320, stack(0x8f038000,0x8f089000)]
  0x0a0c4000 JavaThread "Finalizer" daemon [_thread_blocked, id=6319, stack(0x8f3bb000,0x8f40c000)]
  0x0a0c1800 JavaThread "Reference Handler" daemon [_thread_blocked, id=6318, stack(0x8f40c000,0x8f45d000)]

Other Threads:
  0x0a0c0000 VMThread [stack: 0x8f45d000,0x8f4de000] [id=6317]
  0x0a0e7400 WatcherThread [stack: 0x8ee64000,0x8eee5000] [id=6324]

VM state:not at safepoint (normal execution)

VM Mutex/Monitor currently owned by a thread: None

Heap
 PSYoungGen      total 11520K, used 7868K [0xa9e00000, 0xaad80000, 0xb4600000)
  eden space 7936K, 61% used [0xa9e00000,0xaa2c6a48,0xaa5c0000)
  from space 3584K, 83% used [0xaa980000,0xaac685c8,0xaad00000)
  to   space 3840K, 0% used [0xaa5c0000,0xaa5c0000,0xaa980000)
 ParOldGen       total 21504K, used 5292K [0x94e00000, 0x96300000, 0xa9e00000)
  object space 21504K, 24% used [0x94e00000,0x9532b120,0x96300000)
 PSPermGen       total 16384K, used 5749K [0x90e00000, 0x91e00000, 0x94e00000)
  object space 16384K, 35% used [0x90e00000,0x9139d4a0,0x91e00000)

Card table byte_map: [0x90ce3000,0x90e00000] byte_map_base: 0x9085c000

Polling page: 0xb776d000

Code Cache  [0xb46fa000, 0xb493a000, 0xb76fa000)
 total_blobs=449 nmethods=182 adapters=221 free_code_cache=48389Kb largest_free_block=49534976

Compilation events (10 events):
Event: 85,855 Thread 0x0a0d8c00 nmethod 178 0xb47b6688 code [0xb47b6780, 0xb47b681c]
Event: 85,855 Thread 0x0a0d8c00  179   !         org.lwjgl.input.Keyboard::isCreated (17 bytes)
Event: 85,858 Thread 0x0a0d8c00 nmethod 179 0xb47b6388 code [0xb47b64a0, 0xb47b6630]
Event: 85,876 Thread 0x0a0db000 nmethod 177 0xb47b7a48 code [0xb47b7bc0, 0xb47b8324]
Event: 89,866 Thread 0x0a0d8c00  180             java.lang.ref.Reference::get (5 bytes)
Event: 89,866 Thread 0x0a0d8c00 nmethod 180 0xb47b7888 code [0xb47b7960, 0xb47b79b0]
Event: 98,697 Thread 0x0a0db000  181             java.util.concurrent.locks.AbstractQueuedSynchronizer$Node::predecessor (19 bytes)
Event: 98,698 Thread 0x0a0db000 nmethod 181 0xb47b61c8 code [0xb47b62c0, 0xb47b6310]
Event: 98,698 Thread 0x0a0db000  182   !         java.util.concurrent.locks.AbstractQueuedSynchronizer::acquireQueued (93 bytes)
Event: 98,714 Thread 0x0a0db000 nmethod 182 0xb47bc048 code [0xb47bc180, 0xb47bc4d0]

GC Heap History (10 events):
Event: 2,425 GC heap before
{Heap before GC invocations=2 (full 0):
 PSYoungGen      total 9472K, used 9459K [0xa9e00000, 0xaa880000, 0xb4600000)
  eden space 8192K, 100% used [0xa9e00000,0xaa600000,0xaa600000)
  from space 1280K, 99% used [0xaa600000,0xaa73cde8,0xaa740000)
  to   space 1280K, 0% used [0xaa740000,0xaa740000,0xaa880000)
 ParOldGen       total 21504K, used 669K [0x94e00000, 0x96300000, 0xa9e00000)
  object space 21504K, 3% used [0x94e00000,0x94ea74b8,0x96300000)
 PSPermGen       total 16384K, used 5685K [0x90e00000, 0x91e00000, 0x94e00000)
  object space 16384K, 34% used [0x90e00000,0x9138d4e8,0x91e00000)
Event: 2,434 GC heap after
Heap after GC invocations=2 (full 0):
 PSYoungGen      total 9472K, used 1264K [0xa9e00000, 0xaa880000, 0xb4600000)
  eden space 8192K, 0% used [0xa9e00000,0xa9e00000,0xaa600000)
  from space 1280K, 98% used [0xaa740000,0xaa87c1e0,0xaa880000)
  to   space 1280K, 0% used [0xaa600000,0xaa600000,0xaa740000)
 ParOldGen       total 21504K, used 2400K [0x94e00000, 0x96300000, 0xa9e00000)
  object space 21504K, 11% used [0x94e00000,0x950583a8,0x96300000)
 PSPermGen       total 16384K, used 5685K [0x90e00000, 0x91e00000, 0x94e00000)
  object space 16384K, 34% used [0x90e00000,0x9138d4e8,0x91e00000)
}
Event: 2,963 GC heap before
{Heap before GC invocations=3 (full 0):
 PSYoungGen      total 9472K, used 9177K [0xa9e00000, 0xaa880000, 0xb4600000)
  eden space 8192K, 96% used [0xa9e00000,0xaa5ba438,0xaa600000)
  from space 1280K, 98% used [0xaa740000,0xaa87c1e0,0xaa880000)
  to   space 1280K, 0% used [0xaa600000,0xaa600000,0xaa740000)
 ParOldGen       total 21504K, used 2400K [0x94e00000, 0x96300000, 0xa9e00000)
  object space 21504K, 11% used [0x94e00000,0x950583a8,0x96300000)
 PSPermGen       total 16384K, used 5692K [0x90e00000, 0x91e00000, 0x94e00000)
  object space 16384K, 34% used [0x90e00000,0x9138f138,0x91e00000)
Event: 2,967 GC heap after
Heap after GC invocations=3 (full 0):
 PSYoungGen      total 9472K, used 1273K [0xa9e00000, 0xaa880000, 0xb4600000)
  eden space 8192K, 0% used [0xa9e00000,0xa9e00000,0xaa600000)
  from space 1280K, 99% used [0xaa600000,0xaa73e650,0xaa740000)
  to   space 1280K, 0% used [0xaa740000,0xaa740000,0xaa880000)
 ParOldGen       total 21504K, used 3997K [0x94e00000, 0x96300000, 0xa9e00000)
  object space 21504K, 18% used [0x94e00000,0x951e7460,0x96300000)
 PSPermGen       total 16384K, used 5692K [0x90e00000, 0x91e00000, 0x94e00000)
  object space 16384K, 34% used [0x90e00000,0x9138f138,0x91e00000)
}
Event: 3,504 GC heap before
{Heap before GC invocations=4 (full 0):
 PSYoungGen      total 9472K, used 9140K [0xa9e00000, 0xaa880000, 0xb4600000)
  eden space 8192K, 96% used [0xa9e00000,0xaa5ae9c8,0xaa600000)
  from space 1280K, 99% used [0xaa600000,0xaa73e650,0xaa740000)
  to   space 1280K, 0% used [0xaa740000,0xaa740000,0xaa880000)
 ParOldGen       total 21504K, used 3997K [0x94e00000, 0x96300000, 0xa9e00000)
  object space 21504K, 18% used [0x94e00000,0x951e7460,0x96300000)
 PSPermGen       total 16384K, used 5700K [0x90e00000, 0x91e00000, 0x94e00000)
  object space 16384K, 34% used [0x90e00000,0x91391088,0x91e00000)
Event: 3,513 GC heap after
Heap after GC invocations=4 (full 0):
 PSYoungGen      total 9472K, used 1273K [0xa9e00000, 0xab080000, 0xb4600000)
  eden space 8192K, 0% used [0xa9e00000,0xa9e00000,0xaa600000)
  from space 1280K, 99% used [0xaa740000,0xaa87e650,0xaa880000)
  to   space 1280K, 0% used [0xaa600000,0xaa600000,0xaa740000)
 ParOldGen       total 21504K, used 5272K [0x94e00000, 0x96300000, 0xa9e00000)
  object space 21504K, 24% used [0x94e00000,0x95326110,0x96300000)
 PSPermGen       total 16384K, used 5700K [0x90e00000, 0x91e00000, 0x94e00000)
  object space 16384K, 34% used [0x90e00000,0x91391088,0x91e00000)
}
Event: 4,312 GC heap before
{Heap before GC invocations=5 (full 0):
 PSYoungGen      total 9472K, used 9137K [0xa9e00000, 0xab080000, 0xb4600000)
  eden space 8192K, 95% used [0xa9e00000,0xaa5ae088,0xaa600000)
  from space 1280K, 99% used [0xaa740000,0xaa87e650,0xaa880000)
  to   space 1280K, 0% used [0xaa600000,0xaa600000,0xaa740000)
 ParOldGen       total 21504K, used 5272K [0x94e00000, 0x96300000, 0xa9e00000)
  object space 21504K, 24% used [0x94e00000,0x95326110,0x96300000)
 PSPermGen       total 16384K, used 5700K [0x90e00000, 0x91e00000, 0x94e00000)
  object space 16384K, 34% used [0x90e00000,0x91391370,0x91e00000)
Event: 4,318 GC heap after
Heap after GC invocations=5 (full 0):
 PSYoungGen      total 9472K, used 1273K [0xa9e00000, 0xaad00000, 0xb4600000)
  eden space 8192K, 0% used [0xa9e00000,0xa9e00000,0xaa600000)
  from space 1280K, 99% used [0xaa600000,0xaa73e650,0xaa740000)
  to   space 3584K, 0% used [0xaa980000,0xaa980000,0xaad00000)
 ParOldGen       total 21504K, used 5292K [0x94e00000, 0x96300000, 0xa9e00000)
  object space 21504K, 24% used [0x94e00000,0x9532b120,0x96300000)
 PSPermGen       total 16384K, used 5700K [0x90e00000, 0x91e00000, 0x94e00000)
  object space 16384K, 34% used [0x90e00000,0x91391370,0x91e00000)
}
Event: 5,162 GC heap before
{Heap before GC invocations=6 (full 0):
 PSYoungGen      total 9472K, used 8513K [0xa9e00000, 0xaad00000, 0xb4600000)
  eden space 8192K, 88% used [0xa9e00000,0xaa5120f0,0xaa600000)
  from space 1280K, 99% used [0xaa600000,0xaa73e650,0xaa740000)
  to   space 3584K, 0% used [0xaa980000,0xaa980000,0xaad00000)
 ParOldGen       total 21504K, used 5292K [0x94e00000, 0x96300000, 0xa9e00000)
  object space 21504K, 24% used [0x94e00000,0x9532b120,0x96300000)
 PSPermGen       total 16384K, used 5704K [0x90e00000, 0x91e00000, 0x94e00000)
  object space 16384K, 34% used [0x90e00000,0x913920f8,0x91e00000)
Event: 5,169 GC heap after
Heap after GC invocations=6 (full 0):
 PSYoungGen      total 11520K, used 2977K [0xa9e00000, 0xaad80000, 0xb4600000)
  eden space 7936K, 0% used [0xa9e00000,0xa9e00000,0xaa5c0000)
  from space 3584K, 83% used [0xaa980000,0xaac685c8,0xaad00000)
  to   space 3840K, 0% used [0xaa5c0000,0xaa5c0000,0xaa980000)
 ParOldGen       total 21504K, used 5292K [0x94e00000, 0x96300000, 0xa9e00000)
  object space 21504K, 24% used [0x94e00000,0x9532b120,0x96300000)
 PSPermGen       total 16384K, used 5704K [0x90e00000, 0x91e00000, 0x94e00000)
  object space 16384K, 34% used [0x90e00000,0x913920f8,0x91e00000)
}

Deoptimization events (10 events):
Event: 2,455 Thread 0x889a4000 Uncommon trap: reason=unreached action=reinterpret pc=0xb477e448 method=com.jcraft.jorbis.Block.synthesis(Lcom/jcraft/jogg/Packet;)I @ 211
Event: 3,042 Thread 0x889a4000 Uncommon trap: reason=null_check action=make_not_entrant pc=0xb478c274 method=com.jcraft.jorbis.Floor0.inverse1(Lcom/jcraft/jorbis/Block;Ljava/lang/Object;Ljava/lang/Object;)Ljava/lang/Object; @ 17
Event: 3,239 Thread 0x889a4000 Uncommon trap: reason=class_check action=maybe_recompile pc=0xb4782754 method=com.jcraft.jorbis.Mapping0.inverse(Lcom/jcraft/jorbis/Block;Ljava/lang/Object;)I @ 196
Event: 3,240 Thread 0x889a4000 Uncommon trap: reason=class_check action=maybe_recompile pc=0xb4782754 method=com.jcraft.jorbis.Mapping0.inverse(Lcom/jcraft/jorbis/Block;Ljava/lang/Object;)I @ 196
Event: 3,240 Thread 0x889a4000 Uncommon trap: reason=class_check action=maybe_recompile pc=0xb4782754 method=com.jcraft.jorbis.Mapping0.inverse(Lcom/jcraft/jorbis/Block;Ljava/lang/Object;)I @ 196
Event: 3,241 Thread 0x889a4000 Uncommon trap: reason=class_check action=maybe_recompile pc=0xb4782754 method=com.jcraft.jorbis.Mapping0.inverse(Lcom/jcraft/jorbis/Block;Ljava/lang/Object;)I @ 196
Event: 3,280 Thread 0x8ecf0000 Uncommon trap: reason=class_check action=maybe_recompile pc=0xb4791ecc method=com.jcraft.jorbis.Floor0.inverse1(Lcom/jcraft/jorbis/Block;Ljava/lang/Object;Ljava/lang/Object;)Ljava/lang/Object; @ 17
Event: 3,280 Thread 0x8ecf0000 Uncommon trap: reason=class_check action=maybe_recompile pc=0xb4791ecc method=com.jcraft.jorbis.Floor0.inverse1(Lcom/jcraft/jorbis/Block;Ljava/lang/Object;Ljava/lang/Object;)Ljava/lang/Object; @ 17
Event: 3,287 Thread 0x8ecf0000 Uncommon trap: reason=class_check action=maybe_recompile pc=0xb4791ecc method=com.jcraft.jorbis.Floor0.inverse1(Lcom/jcraft/jorbis/Block;Ljava/lang/Object;Ljava/lang/Object;)Ljava/lang/Object; @ 17
Event: 3,287 Thread 0x8ecf0000 Uncommon trap: reason=class_check action=maybe_recompile pc=0xb4791ecc method=com.jcraft.jorbis.Floor0.inverse1(Lcom/jcraft/jorbis/Block;Ljava/lang/Object;Ljava/lang/Object;)Ljava/lang/Object; @ 17

Internal exceptions (10 events):
Event: 2,447 Thread 0x8ecf0000 Threw 0xa9e00b80 at /HUDSON/workspace/7u-2-build-linux-i586/jdk7u51/527/hotspot/src/share/vm/prims/jvm.cpp:1244
Event: 2,448 Thread 0x8ecf0000 Threw 0xa9e058b8 at /HUDSON/workspace/7u-2-build-linux-i586/jdk7u51/527/hotspot/src/share/vm/prims/jvm.cpp:1244
Event: 2,455 Thread 0x889a4000 Implicit null exception at 0xb477dfaa to 0xb477e43d
Event: 3,042 Thread 0x889a4000 Implicit null exception at 0xb478b773 to 0xb478c261
Event: 3,232 Thread 0x889a4000 Threw 0xaa3db928 at /HUDSON/workspace/7u-2-build-linux-i586/jdk7u51/527/hotspot/src/share/vm/prims/jvm.cpp:1244
Event: 3,238 Thread 0x889a4000 Threw 0xaa477550 at /HUDSON/workspace/7u-2-build-linux-i586/jdk7u51/527/hotspot/src/share/vm/prims/jvm.cpp:1244
Event: 5,112 Thread 0x8ecf0000 Threw 0xaa306610 at /HUDSON/workspace/7u-2-build-linux-i586/jdk7u51/527/hotspot/src/share/vm/prims/jvm.cpp:1244
Event: 5,986 Thread 0x8ecf0000 Threw 0xaa20e9c8 at /HUDSON/workspace/7u-2-build-linux-i586/jdk7u51/527/hotspot/src/share/vm/prims/jvm.cpp:1244
Event: 5,988 Thread 0x8ecf0000 Threw 0xaa26c998 at /HUDSON/workspace/7u-2-build-linux-i586/jdk7u51/527/hotspot/src/share/vm/prims/jvm.cpp:1244
Event: 8,827 Thread 0x8ecf0000 Threw 0xaa281730 at /HUDSON/workspace/7u-2-build-linux-i586/jdk7u51/527/hotspot/src/share/vm/prims/jvm.cpp:1244

Events (10 events):
Event: 5,988 loading class 0x89947570
Event: 5,988 loading class 0x89947570 done
Event: 8,826 loading class 0x89fdbe38
Event: 8,826 loading class 0x89fdbe38 done
Event: 8,831 loading class 0x8f712fd8
Event: 8,831 loading class 0x8f712fd8 done
Event: 8,831 loading class 0x8f712fb0
Event: 8,831 loading class 0x8f712fb0 done
Event: 8,832 Thread 0x89909800 Thread exited: 0x89909800
Event: 60,703 Thread 0x8a001800 Thread exited: 0x8a001800


Dynamic libraries:
00110000-0011b000 r-xp 00000000 08:11 929386     /usr/lib/jvm/java-7-oracle/jre/lib/i386/libverify.so
0011b000-0011c000 rw-p 0000b000 08:11 929386     /usr/lib/jvm/java-7-oracle/jre/lib/i386/libverify.so
0011c000-00124000 r-xp 00000000 08:11 794424     /lib/i386-linux-gnu/libnss_compat-2.13.so
00124000-00125000 r--p 00007000 08:11 794424     /lib/i386-linux-gnu/libnss_compat-2.13.so
00125000-00126000 rw-p 00008000 08:11 794424     /lib/i386-linux-gnu/libnss_compat-2.13.so
00126000-0012f000 r-xp 00000000 08:11 1446991    /usr/lib/i386-linux-gnu/libXrender.so.1.3.0
0012f000-00130000 r--p 00008000 08:11 1446991    /usr/lib/i386-linux-gnu/libXrender.so.1.3.0
00130000-00131000 rw-p 00009000 08:11 1446991    /usr/lib/i386-linux-gnu/libXrender.so.1.3.0
00131000-00132000 r-xp 00000000 08:11 929414     /usr/lib/jvm/java-7-oracle/jre/lib/i386/libjawt.so
00132000-00133000 rw-p 00000000 08:11 929414     /usr/lib/jvm/java-7-oracle/jre/lib/i386/libjawt.so
00133000-0014a000 r-xp 00000000 08:11 802465     /lib/i386-linux-gnu/libpthread-2.13.so
0014a000-0014b000 r--p 00016000 08:11 802465     /lib/i386-linux-gnu/libpthread-2.13.so
0014b000-0014c000 rw-p 00017000 08:11 802465     /lib/i386-linux-gnu/libpthread-2.13.so
0014c000-0014e000 rw-p 00000000 00:00 0 
0014e000-002ca000 r-xp 00000000 08:11 790972     /lib/i386-linux-gnu/libc-2.13.so
002ca000-002cc000 r--p 0017c000 08:11 790972     /lib/i386-linux-gnu/libc-2.13.so
002cc000-002cd000 rw-p 0017e000 08:11 790972     /lib/i386-linux-gnu/libc-2.13.so
002cd000-002d0000 rw-p 00000000 00:00 0 
002d0000-002e7000 r-xp 00000000 08:11 929423     /usr/lib/jvm/java-7-oracle/jre/lib/i386/libzip.so
002e7000-002e8000 rw-p 00017000 08:11 929423     /usr/lib/jvm/java-7-oracle/jre/lib/i386/libzip.so
002e8000-0035a000 r-xp 00000000 08:11 1313346    /tmp/libgdxuser/2535ec09/libgdx.so
0035a000-0035b000 r--p 00072000 08:11 1313346    /tmp/libgdxuser/2535ec09/libgdx.so
0035b000-0035c000 rw-p 00073000 08:11 1313346    /tmp/libgdxuser/2535ec09/libgdx.so
0035c000-0036d000 r-xp 00000000 08:11 1446979    /usr/lib/i386-linux-gnu/libXext.so.6.4.0
0036d000-0036e000 r--p 00010000 08:11 1446979    /usr/lib/i386-linux-gnu/libXext.so.6.4.0
0036e000-0036f000 rw-p 00011000 08:11 1446979    /usr/lib/i386-linux-gnu/libXext.so.6.4.0
0036f000-0037d000 r-xp 00000000 08:11 1459964    /usr/lib/i386-linux-gnu/libXi.so.6.1.0
0037d000-0037e000 r--p 0000d000 08:11 1459964    /usr/lib/i386-linux-gnu/libXi.so.6.1.0
0037e000-0037f000 rw-p 0000e000 08:11 1459964    /usr/lib/i386-linux-gnu/libXi.so.6.1.0
0037f000-0039c000 r-xp 00000000 08:11 1447263    /usr/lib/i386-linux-gnu/libxcb.so.1.1.0
0039c000-0039d000 r--p 0001c000 08:11 1447263    /usr/lib/i386-linux-gnu/libxcb.so.1.1.0
0039d000-0039e000 rw-p 0001d000 08:11 1447263    /usr/lib/i386-linux-gnu/libxcb.so.1.1.0
0039e000-003a0000 r-xp 00000000 08:11 1446969    /usr/lib/i386-linux-gnu/libXau.so.6.0.0
003a0000-003a1000 r--p 00001000 08:11 1446969    /usr/lib/i386-linux-gnu/libXau.so.6.0.0
003a1000-003a2000 rw-p 00002000 08:11 1446969    /usr/lib/i386-linux-gnu/libXau.so.6.0.0
003a2000-003a7000 r-xp 00000000 08:11 1446977    /usr/lib/i386-linux-gnu/libXdmcp.so.6.0.0
003a7000-003a8000 r--p 00004000 08:11 1446977    /usr/lib/i386-linux-gnu/libXdmcp.so.6.0.0
003a8000-003a9000 rw-p 00005000 08:11 1446977    /usr/lib/i386-linux-gnu/libXdmcp.so.6.0.0
003aa000-003bf000 r-xp 00000000 08:11 929410     /usr/lib/jvm/java-7-oracle/jre/lib/i386/libnet.so
003bf000-003c0000 rw-p 00014000 08:11 929410     /usr/lib/jvm/java-7-oracle/jre/lib/i386/libnet.so
003c0000-0049e000 r-xp 00000000 08:11 1447230    /usr/lib/i386-linux-gnu/libstdc++.so.6.0.16
0049e000-0049f000 ---p 000de000 08:11 1447230    /usr/lib/i386-linux-gnu/libstdc++.so.6.0.16
0049f000-004a3000 r--p 000de000 08:11 1447230    /usr/lib/i386-linux-gnu/libstdc++.so.6.0.16
004a3000-004a4000 rw-p 000e2000 08:11 1447230    /usr/lib/i386-linux-gnu/libstdc++.so.6.0.16
004a4000-004ab000 rw-p 00000000 00:00 0 
004ab000-004af000 r-xp 00000000 08:11 1446981    /usr/lib/i386-linux-gnu/libXfixes.so.3.1.0
004af000-004b0000 r--p 00003000 08:11 1446981    /usr/lib/i386-linux-gnu/libXfixes.so.3.1.0
004b0000-004b1000 rw-p 00004000 08:11 1446981    /usr/lib/i386-linux-gnu/libXfixes.so.3.1.0
004b1000-004b5000 r-xp 00000000 08:11 1446999    /usr/lib/i386-linux-gnu/libXxf86vm.so.1.0.0
004b5000-004b6000 r--p 00003000 08:11 1446999    /usr/lib/i386-linux-gnu/libXxf86vm.so.1.0.0
004b6000-004b7000 rw-p 00004000 08:11 1446999    /usr/lib/i386-linux-gnu/libXxf86vm.so.1.0.0
004b7000-004be000 r-xp 00000000 08:11 790999     /lib/i386-linux-gnu/librt-2.13.so
004be000-004bf000 r--p 00006000 08:11 790999     /lib/i386-linux-gnu/librt-2.13.so
004bf000-004c0000 rw-p 00007000 08:11 790999     /lib/i386-linux-gnu/librt-2.13.so
004c0000-00546000 r-xp 00000000 08:11 929385     /usr/lib/jvm/java-7-oracle/jre/lib/i386/libawt.so
00546000-0054d000 rw-p 00086000 08:11 929385     /usr/lib/jvm/java-7-oracle/jre/lib/i386/libawt.so
0054d000-00571000 rw-p 00000000 00:00 0 
00571000-00578000 r-xp 00000000 08:11 1446989    /usr/lib/i386-linux-gnu/libXrandr.so.2.2.0
00578000-00579000 r--p 00006000 08:11 1446989    /usr/lib/i386-linux-gnu/libXrandr.so.2.2.0
00579000-0057a000 rw-p 00007000 08:11 1446989    /usr/lib/i386-linux-gnu/libXrandr.so.2.2.0
0057a000-00580000 r-xp 00000000 08:11 1447128    /usr/lib/i386-linux-gnu/libjson.so.0.0.1
00580000-00581000 r--p 00005000 08:11 1447128    /usr/lib/i386-linux-gnu/libjson.so.0.0.1
00581000-00582000 rw-p 00006000 08:11 1447128    /usr/lib/i386-linux-gnu/libjson.so.0.0.1
00582000-00587000 r-xp 00000000 08:11 1447005    /usr/lib/i386-linux-gnu/libasyncns.so.0.3.1
00587000-00588000 r--p 00004000 08:11 1447005    /usr/lib/i386-linux-gnu/libasyncns.so.0.3.1
00588000-00589000 rw-p 00005000 08:11 1447005    /usr/lib/i386-linux-gnu/libasyncns.so.0.3.1
00589000-0058b000 r-xp 00000000 08:11 1464173    /usr/lib/nvidia-current/tls/libnvidia-tls.so.280.13
0058b000-0058c000 rw-p 00001000 08:11 1464173    /usr/lib/nvidia-current/tls/libnvidia-tls.so.280.13
0058c000-005af000 r-xp 00000000 08:11 929399     /usr/lib/jvm/java-7-oracle/jre/lib/i386/libjava.so
005af000-005b0000 rw-p 00022000 08:11 929399     /usr/lib/jvm/java-7-oracle/jre/lib/i386/libjava.so
005b0000-0060b000 r-xp 00000000 08:11 1310753    /tmp/libgdxuser/417985b7/liblwjgl.so (deleted)
0060b000-0060c000 ---p 0005b000 08:11 1310753    /tmp/libgdxuser/417985b7/liblwjgl.so (deleted)
0060c000-0060d000 r--p 0005b000 08:11 1310753    /tmp/libgdxuser/417985b7/liblwjgl.so (deleted)
0060d000-0060e000 rw-p 0005c000 08:11 1310753    /tmp/libgdxuser/417985b7/liblwjgl.so (deleted)
0060e000-0065c000 r-xp 00000000 08:11 1310754    /tmp/libgdxuser/417985b7/libopenal.so (deleted)
0065c000-0065e000 r--p 0004d000 08:11 1310754    /tmp/libgdxuser/417985b7/libopenal.so (deleted)
0065e000-0065f000 rw-p 0004f000 08:11 1310754    /tmp/libgdxuser/417985b7/libopenal.so (deleted)
0065f000-006ab000 r-xp 00000000 08:11 1447073    /usr/lib/i386-linux-gnu/libpulse.so.0.13.4
006ab000-006ac000 r--p 0004b000 08:11 1447073    /usr/lib/i386-linux-gnu/libpulse.so.0.13.4
006ac000-006ad000 rw-p 0004c000 08:11 1447073    /usr/lib/i386-linux-gnu/libpulse.so.0.13.4
006ad000-00710000 r-xp 00000000 08:11 1462079    /usr/lib/i386-linux-gnu/libpulsecommon-1.0.so
00710000-00711000 r--p 00062000 08:11 1462079    /usr/lib/i386-linux-gnu/libpulsecommon-1.0.so
00711000-00712000 rw-p 00063000 08:11 1462079    /usr/lib/i386-linux-gnu/libpulsecommon-1.0.so
00712000-00759000 r-xp 00000000 08:11 786458     /lib/i386-linux-gnu/libdbus-1.so.3.5.7
00759000-0075a000 r--p 00046000 08:11 786458     /lib/i386-linux-gnu/libdbus-1.so.3.5.7
0075a000-0075b000 rw-p 00047000 08:11 786458     /lib/i386-linux-gnu/libdbus-1.so.3.5.7
0075b000-00761000 r-xp 00000000 08:11 1447167    /usr/lib/i386-linux-gnu/libogg.so.0.7.1
00761000-00762000 r--p 00005000 08:11 1447167    /usr/lib/i386-linux-gnu/libogg.so.0.7.1
00762000-00763000 rw-p 00006000 08:11 1447167    /usr/lib/i386-linux-gnu/libogg.so.0.7.1
00779000-00783000 r-xp 00000000 08:11 794422     /lib/i386-linux-gnu/libnss_nis-2.13.so
00783000-00784000 r--p 00009000 08:11 794422     /lib/i386-linux-gnu/libnss_nis-2.13.so
00784000-00785000 rw-p 0000a000 08:11 794422     /lib/i386-linux-gnu/libnss_nis-2.13.so
00785000-00798000 r-xp 00000000 08:11 790971     /lib/i386-linux-gnu/libresolv-2.13.so
00798000-00799000 r--p 00012000 08:11 790971     /lib/i386-linux-gnu/libresolv-2.13.so
00799000-0079a000 rw-p 00013000 08:11 790971     /lib/i386-linux-gnu/libresolv-2.13.so
0079a000-0079c000 rw-p 00000000 00:00 0 
007b3000-007cf000 r-xp 00000000 08:11 787389     /lib/i386-linux-gnu/libgcc_s.so.1
007cf000-007d0000 r--p 0001b000 08:11 787389     /lib/i386-linux-gnu/libgcc_s.so.1
007d0000-007d1000 rw-p 0001c000 08:11 787389     /lib/i386-linux-gnu/libgcc_s.so.1
007d1000-0083c000 r-xp 00000000 08:11 1447219    /usr/lib/i386-linux-gnu/libsndfile.so.1.0.24
0083c000-0083d000 r--p 0006b000 08:11 1447219    /usr/lib/i386-linux-gnu/libsndfile.so.1.0.24
0083d000-0083e000 rw-p 0006c000 08:11 1447219    /usr/lib/i386-linux-gnu/libsndfile.so.1.0.24
0083e000-00842000 rw-p 00000000 00:00 0 
00842000-0088e000 r-xp 00000000 08:11 1446956    /usr/lib/i386-linux-gnu/libFLAC.so.8.2.0
0088e000-0088f000 r--p 0004b000 08:11 1446956    /usr/lib/i386-linux-gnu/libFLAC.so.8.2.0
0088f000-00890000 rw-p 0004c000 08:11 1446956    /usr/lib/i386-linux-gnu/libFLAC.so.8.2.0
008a6000-008b1000 r-xp 00000000 08:11 802498     /lib/i386-linux-gnu/libnss_files-2.13.so
008b1000-008b2000 r--p 0000a000 08:11 802498     /lib/i386-linux-gnu/libnss_files-2.13.so
008b2000-008b3000 rw-p 0000b000 08:11 802498     /lib/i386-linux-gnu/libnss_files-2.13.so
008e3000-008e4000 r-xp 00000000 08:03 2621501    /media/data/idea-IU-133.696/bin/libbreakgen.so
008e4000-008e5000 rw-p 00000000 08:03 2621501    /media/data/idea-IU-133.696/bin/libbreakgen.so
008f2000-00a23000 r-xp 00000000 08:11 1446967    /usr/lib/i386-linux-gnu/libX11.so.6.3.0
00a23000-00a24000 ---p 00131000 08:11 1446967    /usr/lib/i386-linux-gnu/libX11.so.6.3.0
00a24000-00a25000 r--p 00131000 08:11 1446967    /usr/lib/i386-linux-gnu/libX11.so.6.3.0
00a25000-00a27000 rw-p 00132000 08:11 1446967    /usr/lib/i386-linux-gnu/libX11.so.6.3.0
00a27000-00a28000 rw-p 00000000 00:00 0 
00a28000-00acc000 r-xp 00000000 08:11 1464223    /usr/lib/nvidia-current/libGL.so.280.13
00acc000-00aeb000 rwxp 000a3000 08:11 1464223    /usr/lib/nvidia-current/libGL.so.280.13
00aeb000-00afa000 rwxp 00000000 00:00 0 
00b33000-00b51000 r-xp 00000000 08:11 802493     /lib/i386-linux-gnu/ld-2.13.so
00b51000-00b52000 r--p 0001d000 08:11 802493     /lib/i386-linux-gnu/ld-2.13.so
00b52000-00b53000 rw-p 0001e000 08:11 802493     /lib/i386-linux-gnu/ld-2.13.so
00b63000-00b8c000 r-xp 00000000 08:11 1447252    /usr/lib/i386-linux-gnu/libvorbis.so.0.4.5
00b8c000-00b8d000 r--p 00028000 08:11 1447252    /usr/lib/i386-linux-gnu/libvorbis.so.0.4.5
00b8d000-00b8e000 rw-p 00029000 08:11 1447252    /usr/lib/i386-linux-gnu/libvorbis.so.0.4.5
00b99000-00bac000 r-xp 00000000 08:11 930775     /usr/lib/jvm/java-7-oracle/lib/i386/jli/libjli.so
00bac000-00bad000 rw-p 00012000 08:11 930775     /usr/lib/jvm/java-7-oracle/lib/i386/jli/libjli.so
00c25000-00c4d000 r-xp 00000000 08:11 802491     /lib/i386-linux-gnu/libm-2.13.so
00c4d000-00c4e000 r--p 00028000 08:11 802491     /lib/i386-linux-gnu/libm-2.13.so
00c4e000-00c4f000 rw-p 00029000 08:11 802491     /lib/i386-linux-gnu/libm-2.13.so
00c78000-00c81000 r-xp 00000000 08:11 1446973    /usr/lib/i386-linux-gnu/libXcursor.so.1.0.2
00c81000-00c82000 r--p 00008000 08:11 1446973    /usr/lib/i386-linux-gnu/libXcursor.so.1.0.2
00c82000-00c83000 rw-p 00009000 08:11 1446973    /usr/lib/i386-linux-gnu/libXcursor.so.1.0.2
00cb8000-00cba000 r-xs 00000000 08:11 1313292    /tmp/gl8xhlDl (deleted)
00cdf000-00d28000 r-xp 00000000 08:11 1049597    /usr/lib/jvm/java-7-oracle/jre/lib/i386/xawt/libmawt.so
00d28000-00d2a000 rw-p 00049000 08:11 1049597    /usr/lib/jvm/java-7-oracle/jre/lib/i386/xawt/libmawt.so
00d2a000-00d2b000 rw-p 00000000 00:00 0 
00d50000-00d58000 r-xp 00000000 08:11 787449     /lib/i386-linux-gnu/libwrap.so.0.7.6
00d58000-00d59000 r--p 00007000 08:11 787449     /lib/i386-linux-gnu/libwrap.so.0.7.6
00d59000-00d5a000 rw-p 00008000 08:11 787449     /lib/i386-linux-gnu/libwrap.so.0.7.6
00dd7000-00dd8000 r-xp 00000000 00:00 0          [vdso]
00dfa000-00dff000 r-xp 00000000 08:11 1444555    /usr/lib/libXtst.so.6.1.0
00dff000-00e00000 r--p 00004000 08:11 1444555    /usr/lib/libXtst.so.6.1.0
00e00000-00e01000 rw-p 00005000 08:11 1444555    /usr/lib/libXtst.so.6.1.0
00ef7000-00f0c000 r-xp 00000000 08:11 794417     /lib/i386-linux-gnu/libnsl-2.13.so
00f0c000-00f0d000 r--p 00015000 08:11 794417     /lib/i386-linux-gnu/libnsl-2.13.so
00f0d000-00f0e000 rw-p 00016000 08:11 794417     /lib/i386-linux-gnu/libnsl-2.13.so
00f0e000-00f10000 rw-p 00000000 00:00 0 
00f5d000-00f60000 r-xp 00000000 08:11 802476     /lib/i386-linux-gnu/libdl-2.13.so
00f60000-00f61000 r--p 00002000 08:11 802476     /lib/i386-linux-gnu/libdl-2.13.so
00f61000-00f62000 rw-p 00003000 08:11 802476     /lib/i386-linux-gnu/libdl-2.13.so
00f62000-017d9000 r-xp 00000000 08:11 1049607    /usr/lib/jvm/java-7-oracle/jre/lib/i386/server/libjvm.so
017d9000-0183d000 rw-p 00877000 08:11 1049607    /usr/lib/jvm/java-7-oracle/jre/lib/i386/server/libjvm.so
0183d000-01c60000 rw-p 00000000 00:00 0 
0321b000-03381000 r-xp 00000000 08:11 1461005    /usr/lib/i386-linux-gnu/libvorbisenc.so.2.0.8
03381000-03392000 r--p 00165000 08:11 1461005    /usr/lib/i386-linux-gnu/libvorbisenc.so.2.0.8
03392000-03393000 rw-p 00176000 08:11 1461005    /usr/lib/i386-linux-gnu/libvorbisenc.so.2.0.8
053c8000-06c68000 r-xp 00000000 08:11 1464233    /usr/lib/nvidia-current/libnvidia-glcore.so.280.13
06c68000-06cc6000 rwxp 018a0000 08:11 1464233    /usr/lib/nvidia-current/libnvidia-glcore.so.280.13
06cc6000-06cd9000 rwxp 00000000 00:00 0 
08048000-08049000 r-xp 00000000 08:11 929334     /usr/lib/jvm/java-7-oracle/bin/java
08049000-0804a000 rw-p 00000000 08:11 929334     /usr/lib/jvm/java-7-oracle/bin/java
09fbb000-0a6cd000 rw-p 00000000 00:00 0          [heap]
846f3000-84af4000 rw-p 00000000 00:00 0 
84ef5000-874ff000 rw-p 00000000 00:00 0 
87900000-87a00000 rw-p 00000000 00:00 0 
87a21000-87e0b000 rw-p 00000000 00:00 0 
88000000-880fa000 rw-p 00000000 00:00 0 
880fa000-88100000 ---p 00000000 00:00 0 
8823a000-8833a000 rw-s 33005000 00:05 8383       /dev/nvidia0
8843a000-88700000 rw-p 00000000 00:00 0 
88700000-887ff000 rw-p 00000000 00:00 0 
887ff000-88800000 ---p 00000000 00:00 0 
88800000-888fd000 rw-p 00000000 00:00 0 
888fd000-88900000 ---p 00000000 00:00 0 
88900000-889fd000 rw-p 00000000 00:00 0 
889fd000-88a00000 ---p 00000000 00:00 0 
88a19000-88bc7000 rw-p 00000000 00:00 0 
88bfc000-88dd6000 rw-p 00000000 00:00 0 
88eb8000-890ad000 rw-p 00000000 00:00 0 
894de000-894e1000 ---p 00000000 00:00 0 
894e1000-8952f000 rw-p 00000000 00:00 0 
8952f000-895af000 rw-s 31e69000 00:05 8383       /dev/nvidia0
896af000-897af000 rw-s 36fe7000 00:05 8383       /dev/nvidia0
897af000-898af000 rw-s 3353f000 00:05 8383       /dev/nvidia0
898af000-898b2000 ---p 00000000 00:00 0 
898b2000-89900000 rw-p 00000000 00:00 0 
89900000-899fa000 rw-p 00000000 00:00 0 
899fa000-89a00000 ---p 00000000 00:00 0 
89a3f000-89c3f000 rw-s 31f3b000 00:05 8383       /dev/nvidia0
89c3f000-89d3f000 rw-s 36a0a000 00:05 8383       /dev/nvidia0
89d3f000-89d7f000 rw-s 30f7d000 00:05 8383       /dev/nvidia0
89d9f000-89da0000 rw-s fbc0a000 00:05 8383       /dev/nvidia0
89da0000-89de0000 rw-s 31348000 00:05 8383       /dev/nvidia0
89de0000-89e00000 rw-s 334a4000 00:05 8383       /dev/nvidia0
89e00000-89ec8000 rw-p 00000000 00:00 0 
89ec8000-89f00000 ---p 00000000 00:00 0 
89f00000-8a000000 rw-p 00000000 00:00 0 
8a000000-8a0e3000 rw-p 00000000 00:00 0 
8a0e3000-8a100000 ---p 00000000 00:00 0 
8a108000-8a142000 rw-p 00000000 00:00 0 
8a145000-8a149000 rw-s 30e86000 00:05 8383       /dev/nvidia0
8a149000-8a14a000 rw-s c0005000 00:05 8383       /dev/nvidia0
8a14a000-8a14b000 rw-s 30e87000 00:05 8383       /dev/nvidia0
8a14b000-8a14f000 rw-s 31955000 00:05 8383       /dev/nvidia0
8a14f000-8a1a4000 rw-p 00000000 00:00 0 
8a1a4000-8a1bf000 rw-s 2d320000 00:05 8383       /dev/nvidia0
8a1bf000-8a1c2000 ---p 00000000 00:00 0 
8a1c2000-8a1d8000 rw-p 00000000 00:00 0 
8a1d8000-8a1db000 ---p 00000000 00:00 0 
8a1db000-8a229000 rw-p 00000000 00:00 0 
8a229000-8a22a000 ---p 00000000 00:00 0 
8a22a000-8a32a000 rw-p 00000000 00:00 0 
8a32a000-8e32b000 rw-s 00000000 00:12 63662      /run/shm/pulse-shm-400919228
8e32b000-8e32c000 ---p 00000000 00:00 0 
8e32c000-8eb2c000 rw-p 00000000 00:00 0 
8eb2c000-8eb2f000 ---p 00000000 00:00 0 
8eb2f000-8eb7d000 rw-p 00000000 00:00 0 
8eb7d000-8eb80000 ---p 00000000 00:00 0 
8eb80000-8ebce000 rw-p 00000000 00:00 0 
8ebce000-8ebd5000 r--s 00000000 08:11 1443548    /usr/lib/i386-linux-gnu/gconv/gconv-modules.cache
8ebd5000-8ec00000 r--p 00000000 08:11 460324     /usr/share/locale-langpack/ru/LC_MESSAGES/libc.mo
8ec00000-8ecfa000 rw-p 00000000 00:00 0 
8ecfa000-8ed00000 ---p 00000000 00:00 0 
8ed00000-8ed11000 r--p 00000000 08:11 436499     /usr/share/locale-langpack/ru/LC_MESSAGES/pulseaudio.mo
8ed11000-8ed1c000 r--s 0037c000 08:11 929455     /usr/lib/jvm/java-7-oracle/jre/lib/charsets.jar
8ed1c000-8ed1f000 ---p 00000000 00:00 0 
8ed1f000-8ed6d000 rw-p 00000000 00:00 0 
8ed6d000-8ed70000 r--s 00014000 08:03 2621613    /media/data/idea-IU-133.696/lib/idea_rt.jar
8ed70000-8ed72000 r--s 001a1000 08:03 3944172    /media/data/adt-bundle-linux-x86/workspaces/libgdx/gdx-backend-lwjgl-natives.jar
8ed72000-8ed83000 r--s 0012b000 08:03 3944173    /media/data/adt-bundle-linux-x86/workspaces/libgdx/gdx-backend-lwjgl.jar
8ed83000-8ed84000 r--s 00127000 08:03 3944175    /media/data/adt-bundle-linux-x86/workspaces/libgdx/gdx-natives.jar
8ed84000-8ed9a000 r--s 00154000 08:03 3944179    /media/data/adt-bundle-linux-x86/workspaces/libgdx/gdx.jar
8ed9a000-8eda0000 r--s 0007d000 08:11 930772     /usr/lib/jvm/java-7-oracle/jre/lib/jfr.jar
8eda0000-8edaa000 r--s 00250000 08:11 929370     /usr/lib/jvm/java-7-oracle/jre/lib/resources.jar
8edaa000-8edbd000 r--s 001a6000 08:11 929434     /usr/lib/jvm/java-7-oracle/jre/lib/plugin.jar
8edbd000-8ee4c000 r--s 00de3000 08:11 930767     /usr/lib/jvm/java-7-oracle/jre/lib/jfxrt.jar
8ee4c000-8ee64000 r--s 00439000 08:11 929433     /usr/lib/jvm/java-7-oracle/jre/lib/deploy.jar
8ee64000-8ee65000 ---p 00000000 00:00 0 
8ee65000-8eee5000 rw-p 00000000 00:00 0 
8eee5000-8eee8000 ---p 00000000 00:00 0 
8eee8000-8ef36000 rw-p 00000000 00:00 0 
8ef36000-8ef39000 ---p 00000000 00:00 0 
8ef39000-8efb7000 rw-p 00000000 00:00 0 
8efb7000-8efba000 ---p 00000000 00:00 0 
8efba000-8f038000 rw-p 00000000 00:00 0 
8f038000-8f03b000 ---p 00000000 00:00 0 
8f03b000-8f089000 rw-p 00000000 00:00 0 
8f089000-8f1bb000 r--p 006e8000 08:11 1448017    /usr/lib/locale/locale-archive
8f1bb000-8f3bb000 r--p 00000000 08:11 1448017    /usr/lib/locale/locale-archive
8f3bb000-8f3be000 ---p 00000000 00:00 0 
8f3be000-8f40c000 rw-p 00000000 00:00 0 
8f40c000-8f40f000 ---p 00000000 00:00 0 
8f40f000-8f45d000 rw-p 00000000 00:00 0 
8f45d000-8f45e000 ---p 00000000 00:00 0 
8f45e000-8f529000 rw-p 00000000 00:00 0 
8f529000-8f6e6000 r--s 039bf000 08:11 929364     /usr/lib/jvm/java-7-oracle/jre/lib/rt.jar
8f6e6000-90b39000 rw-p 00000000 00:00 0 
90b39000-90b3a000 ---p 00000000 00:00 0 
90b3a000-90bba000 rw-p 00000000 00:00 0 
90bba000-90bbb000 ---p 00000000 00:00 0 
90bbb000-90c46000 rw-p 00000000 00:00 0 
90c46000-90ce3000 rw-p 00000000 00:00 0 
90ce3000-90ceb000 rw-p 00000000 00:00 0 
90ceb000-90d03000 rw-p 00000000 00:00 0 
90d03000-90d0e000 rw-p 00000000 00:00 0 
90d0e000-90dab000 rw-p 00000000 00:00 0 
90dab000-90db3000 rw-p 00000000 00:00 0 
90db3000-90db5000 ---p 00000000 00:00 0 
90db5000-90dff000 rw-p 00000000 00:00 0 
90dff000-91e00000 rw-p 00000000 00:00 0 
91e00000-94e00000 rw-p 00000000 00:00 0 
94e00000-96300000 rw-p 00000000 00:00 0 
96300000-a9e00000 rw-p 00000000 00:00 0 
a9e00000-aad80000 rw-p 00000000 00:00 0 
aad80000-ab080000 ---p 00000000 00:00 0 
ab080000-b4600000 rw-p 00000000 00:00 0 
b4600000-b4602000 rw-s 00000000 08:11 1313292    /tmp/gl8xhlDl (deleted)
b4602000-b460b000 r--s 000d4000 08:11 929431     /usr/lib/jvm/java-7-oracle/jre/lib/javaws.jar
b460b000-b460f000 r--s 0008a000 08:11 929429     /usr/lib/jvm/java-7-oracle/jre/lib/jsse.jar
b460f000-b461a000 r--s 0037c000 08:11 929455     /usr/lib/jvm/java-7-oracle/jre/lib/charsets.jar
b461a000-b4622000 rw-p 00000000 00:00 0 
b4622000-b463a000 rw-p 00000000 00:00 0 
b463a000-b4643000 rw-p 00000000 00:00 0 
b4643000-b46fa000 rw-p 00000000 00:00 0 
b46fa000-b493a000 rwxp 00000000 00:00 0 
b493a000-b76fa000 rw-p 00000000 00:00 0 
b76fa000-b7702000 rw-s 00000000 08:11 1310729    /tmp/hsperfdata_user/6313
b7702000-b7705000 ---p 00000000 00:00 0 
b7705000-b7755000 rw-p 00000000 00:00 0 
b7756000-b7757000 rw-s fbc0c000 00:05 8383       /dev/nvidia0
b7757000-b7758000 rw-s fb641000 00:05 8383       /dev/nvidia0
b7758000-b7759000 rw-s 2d2f5000 00:05 8383       /dev/nvidia0
b7759000-b775a000 rw-s 34143000 00:05 8383       /dev/nvidia0
b775a000-b775b000 rw-s fb060000 00:05 8383       /dev/nvidia0
b775b000-b775c000 r--s 00000000 08:11 929430     /usr/lib/jvm/java-7-oracle/jre/lib/management-agent.jar
b775c000-b775e000 r--s 00019000 08:11 929483     /usr/lib/jvm/java-7-oracle/jre/lib/jce.jar
b775e000-b776d000 rw-p 00000000 00:00 0 
b776d000-b776e000 r--p 00000000 00:00 0 
b776e000-b7770000 rw-p 00000000 00:00 0 
bfda7000-bfdc8000 rw-p 00000000 00:00 0          [stack]

VM Arguments:
jvm_args: -Didea.launcher.port=7546 -Didea.launcher.bin.path=/media/data/idea-IU-133.696/bin -Dfile.encoding=UTF-8 
java_command: com.intellij.rt.execution.application.AppMain ru.badver.jff.slotgame.DesktopLauncher
Launcher Type: SUN_STANDARD

Environment Variables:
CLASSPATH=/media/data/idea-IU-133.696/bin/../lib/bootstrap.jar:/media/data/idea-IU-133.696/bin/../lib/extensions.jar:/media/data/idea-IU-133.696/bin/../lib/util.jar:/media/data/idea-IU-133.696/bin/../lib/jdom.jar:/media/data/idea-IU-133.696/bin/../lib/log4j.jar:/media/data/idea-IU-133.696/bin/../lib/trove4j.jar:/media/data/idea-IU-133.696/bin/../lib/jna.jar:/usr/lib/jvm/java-7-oracle/lib/tools.jar
PATH=/usr/lib/lightdm/lightdm:/usr/local/sbin:/usr/local/bin:/usr/sbin:/usr/bin:/sbin:/bin:/usr/games
USERNAME=user
LD_LIBRARY_PATH=/media/data/idea-IU-133.696/bin:
SHELL=/bin/bash
DISPLAY=:0.0

Signal Handlers:
SIGSEGV: [libjvm.so+0x7dd5e0], sa_mask[0]=0x7ffbfeff, sa_flags=0x10000004
SIGBUS: [libjvm.so+0x7dd5e0], sa_mask[0]=0x7ffbfeff, sa_flags=0x10000004
SIGFPE: [libjvm.so+0x678d60], sa_mask[0]=0x7ffbfeff, sa_flags=0x10000004
SIGPIPE: [libjvm.so+0x678d60], sa_mask[0]=0x7ffbfeff, sa_flags=0x10000004
SIGXFSZ: [libjvm.so+0x678d60], sa_mask[0]=0x7ffbfeff, sa_flags=0x10000004
SIGILL: [libjvm.so+0x678d60], sa_mask[0]=0x7ffbfeff, sa_flags=0x10000004
SIGUSR1: SIG_DFL, sa_mask[0]=0x00000000, sa_flags=0x00000000
SIGUSR2: [libjvm.so+0x67a250], sa_mask[0]=0x00000004, sa_flags=0x10000004
SIGHUP: [libjvm.so+0x67b3a0], sa_mask[0]=0x7ffbfeff, sa_flags=0x10000004
SIGINT: [libjvm.so+0x67b3a0], sa_mask[0]=0x7ffbfeff, sa_flags=0x10000004
SIGTERM: [libjvm.so+0x67b3a0], sa_mask[0]=0x7ffbfeff, sa_flags=0x10000004
SIGQUIT: [libjvm.so+0x67b3a0], sa_mask[0]=0x7ffbfeff, sa_flags=0x10000004


---------------  S Y S T E M  ---------------

OS:wheezy/sid

uname:Linux 3.0.0-32-generic #51-Ubuntu SMP Thu Mar 21 15:51:26 UTC 2013 i686
libc:glibc 2.13 NPTL 2.13 
rlimit: STACK 8192k, CORE 0k, NPROC 15992, NOFILE 4096, AS infinity
load average:1,93 1,46 1,56

/proc/meminfo:
MemTotal:        2061044 kB
MemFree:          709756 kB
Buffers:            6200 kB
Cached:           246212 kB
SwapCached:        32836 kB
Active:           673700 kB
Inactive:         556460 kB
Active(anon):     564044 kB
Inactive(anon):   429264 kB
Active(file):     109656 kB
Inactive(file):   127196 kB
Unevictable:          32 kB
Mlocked:              32 kB
HighTotal:       1186696 kB
HighFree:         285584 kB
LowTotal:         874348 kB
LowFree:          424172 kB
SwapTotal:       2010108 kB
SwapFree:        1651300 kB
Dirty:              3988 kB
Writeback:             0 kB
AnonPages:        957172 kB
Mapped:            90824 kB
Shmem:             15528 kB
Slab:              30656 kB
SReclaimable:      15644 kB
SUnreclaim:        15012 kB
KernelStack:        3576 kB
PageTables:        10408 kB
NFS_Unstable:          0 kB
Bounce:                0 kB
WritebackTmp:          0 kB
CommitLimit:     3040628 kB
Committed_AS:    3165444 kB
VmallocTotal:     122880 kB
VmallocUsed:       82288 kB
VmallocChunk:      39220 kB
HardwareCorrupted:     0 kB
AnonHugePages:         0 kB
HugePages_Total:       0
HugePages_Free:        0
HugePages_Rsvd:        0
HugePages_Surp:        0
Hugepagesize:       4096 kB
DirectMap4k:      122872 kB
DirectMap4M:      786432 kB


CPU:total 2 (2 cores per cpu, 1 threads per core) family 6 model 15 stepping 13, cmov, cx8, fxsr, mmx, sse, sse2, sse3, ssse3, tsc

/proc/cpuinfo:
processor	: 0
vendor_id	: GenuineIntel
cpu family	: 6
model		: 15
model name	: Intel(R) Celeron(R) CPU        E1500  @ 2.20GHz
stepping	: 13
cpu MHz		: 2200.000
cache size	: 512 KB
physical id	: 0
siblings	: 2
core id		: 0
cpu cores	: 2
apicid		: 0
initial apicid	: 0
fdiv_bug	: no
hlt_bug		: no
f00f_bug	: no
coma_bug	: no
fpu		: yes
fpu_exception	: yes
cpuid level	: 10
wp		: yes
flags		: fpu vme de pse tsc msr pae mce cx8 apic mtrr pge mca cmov pat pse36 clflush dts acpi mmx fxsr sse sse2 ss ht tm pbe nx lm constant_tsc arch_perfmon pebs bts aperfmperf pni dtes64 monitor ds_cpl est tm2 ssse3 cx16 xtpr pdcm lahf_lm dtherm
bogomips	: 4399.69
clflush size	: 64
cache_alignment	: 64
address sizes	: 36 bits physical, 48 bits virtual
power management:

processor	: 1
vendor_id	: GenuineIntel
cpu family	: 6
model		: 15
model name	: Intel(R) Celeron(R) CPU        E1500  @ 2.20GHz
stepping	: 13
cpu MHz		: 2200.000
cache size	: 512 KB
physical id	: 0
siblings	: 2
core id		: 1
cpu cores	: 2
apicid		: 1
initial apicid	: 1
fdiv_bug	: no
hlt_bug		: no
f00f_bug	: no
coma_bug	: no
fpu		: yes
fpu_exception	: yes
cpuid level	: 10
wp		: yes
flags		: fpu vme de pse tsc msr pae mce cx8 apic mtrr pge mca cmov pat pse36 clflush dts acpi mmx fxsr sse sse2 ss ht tm pbe nx lm constant_tsc arch_perfmon pebs bts aperfmperf pni dtes64 monitor ds_cpl est tm2 ssse3 cx16 xtpr pdcm lahf_lm dtherm
bogomips	: 4399.97
clflush size	: 64
cache_alignment	: 64
address sizes	: 36 bits physical, 48 bits virtual
power management:



Memory: 4k page, physical 2061044k(709756k free), swap 2010108k(1651300k free)

vm_info: Java HotSpot(TM) Server VM (24.51-b03) for linux-x86 JRE (1.7.0_51-b13), built on Dec 18 2013 18:45:30 by "java_re" with gcc 4.3.0 20080428 (Red Hat 4.3.0-8)

time: Thu Feb 27 12:20:19 2014
elapsed time: 112 seconds

